<?xml version="1.0" encoding="UTF-8"?>
<coverage generated="1737979773582" clover="3.2.0">
  <project timestamp="1737979773582" name="All files">
    <metrics statements="25" coveredstatements="25" conditionals="12" coveredconditionals="12" methods="7" coveredmethods="7" elements="44" coveredelements="44" complexity="0" loc="25" ncloc="25" packages="3" files="3" classes="3"/>
    <package name="components.my-component">
      <metrics statements="17" coveredstatements="17" conditionals="6" coveredconditionals="6" methods="5" coveredmethods="5"/>
      <file name="my-component.tsx" path="/home/mmarqui/Development/stenciljs-mfe/src/components/my-component/my-component.tsx">
        <metrics statements="17" coveredstatements="17" conditionals="6" coveredconditionals="6" methods="5" coveredmethods="5"/>
        <line num="1" count="1" type="stmt"/>
        <line num="2" count="1" type="stmt"/>
        <line num="4" count="1" type="stmt"/>
        <line num="10" count="6" type="stmt"/>
        <line num="11" count="6" type="stmt"/>
        <line num="12" count="6" type="stmt"/>
        <line num="15" count="6" type="stmt"/>
        <line num="16" count="6" type="stmt"/>
        <line num="18" count="1" type="stmt"/>
        <line num="20" count="6" type="stmt"/>
        <line num="25" count="7" type="cond" truecount="1" falsecount="0"/>
        <line num="26" count="1" type="stmt"/>
        <line num="29" count="6" type="cond" truecount="1" falsecount="0"/>
        <line num="30" count="1" type="stmt"/>
        <line num="33" count="5" type="stmt"/>
        <line num="38" count="2" type="stmt"/>
        <line num="43" count="4" type="stmt"/>
      </file>
    </package>
    <package name="services">
      <metrics statements="6" coveredstatements="6" conditionals="0" coveredconditionals="0" methods="1" coveredmethods="1"/>
      <file name="api.service.ts" path="/home/mmarqui/Development/stenciljs-mfe/src/services/api.service.ts">
        <metrics statements="6" coveredstatements="6" conditionals="0" coveredconditionals="0" methods="1" coveredmethods="1"/>
        <line num="1" count="2" type="stmt"/>
        <line num="4" count="2" type="stmt"/>
        <line num="5" count="2" type="stmt"/>
        <line num="6" count="1" type="stmt"/>
        <line num="8" count="1" type="stmt"/>
        <line num="9" count="1" type="stmt"/>
      </file>
    </package>
    <package name="utils">
      <metrics statements="2" coveredstatements="2" conditionals="6" coveredconditionals="6" methods="1" coveredmethods="1"/>
      <file name="utils.ts" path="/home/mmarqui/Development/stenciljs-mfe/src/utils/utils.ts">
        <metrics statements="2" coveredstatements="2" conditionals="6" coveredconditionals="6" methods="1" coveredmethods="1"/>
        <line num="1" count="1" type="stmt"/>
        <line num="2" count="4" type="cond" truecount="6" falsecount="0"/>
      </file>
    </package>
  </project>
</coverage>
