TN:
SF:src/components/my-component/my-component.tsx
FN:4,(anonymous_0)
FN:14,(anonymous_1)
FN:24,(anonymous_2)
FN:37,(anonymous_3)
FN:42,(anonymous_4)
FNF:5
FNH:5
FNDA:6,(anonymous_0)
FNDA:6,(anonymous_1)
FNDA:7,(anonymous_2)
FNDA:2,(anonymous_3)
FNDA:4,(anonymous_4)
DA:1,1
DA:2,1
DA:4,1
DA:10,6
DA:11,6
DA:12,6
DA:15,6
DA:16,6
DA:18,1
DA:20,6
DA:25,7
DA:26,1
DA:29,6
DA:30,1
DA:33,5
DA:38,2
DA:43,4
LF:17
LH:17
BRDA:25,0,0,1
BRDA:29,1,0,1
BRDA:37,2,0,5
BRDA:37,2,1,1
BRDA:40,3,0,2
BRDA:40,3,1,2
BRF:6
BRH:6
end_of_record
TN:
SF:src/services/api.service.ts
FN:3,(anonymous_0)
FNF:1
FNH:1
FNDA:2,(anonymous_0)
DA:1,2
DA:4,2
DA:5,2
DA:6,1
DA:8,1
DA:9,1
LF:6
LH:6
BRF:0
BRH:0
end_of_record
TN:
SF:src/utils/utils.ts
FN:1,format
FNF:1
FNH:1
FNDA:4,format
DA:1,1
DA:2,4
LF:2
LH:2
BRDA:2,0,0,4
BRDA:2,0,1,1
BRDA:2,1,0,1
BRDA:2,1,1,3
BRDA:2,2,0,2
BRDA:2,2,1,2
BRF:6
BRH:6
end_of_record
